0 info it worked if it ends with ok
1 verbose cli [ '/usr/bin/nodejs',
1 verbose cli   '/usr/bin/npm',
1 verbose cli   'install',
1 verbose cli   'uglify',
1 verbose cli   '--save-dev' ]
2 info using npm@1.3.10
3 info using node@v0.10.25
4 warn package.json basic@0.0.0 No description
5 warn package.json basic@0.0.0 No repository field.
6 warn package.json basic@0.0.0 No README data
7 verbose readDependencies using package.json deps
8 verbose cache add [ 'uglify', null ]
9 verbose cache add name=undefined spec="uglify" args=["uglify",null]
10 verbose parsed url { protocol: null,
10 verbose parsed url   slashes: null,
10 verbose parsed url   auth: null,
10 verbose parsed url   host: null,
10 verbose parsed url   port: null,
10 verbose parsed url   hostname: null,
10 verbose parsed url   hash: null,
10 verbose parsed url   search: null,
10 verbose parsed url   query: null,
10 verbose parsed url   pathname: 'uglify',
10 verbose parsed url   path: 'uglify',
10 verbose parsed url   href: 'uglify' }
11 silly lockFile e8fa4098-uglify uglify
12 verbose lock uglify /home/borillo/.npm/e8fa4098-uglify.lock
13 silly lockFile e8fa4098-uglify uglify
14 silly lockFile e8fa4098-uglify uglify
15 verbose addNamed [ 'uglify', '' ]
16 verbose addNamed [ null, '*' ]
17 silly lockFile 67e93562-uglify uglify@
18 verbose lock uglify@ /home/borillo/.npm/67e93562-uglify.lock
19 silly addNameRange { name: 'uglify', range: '*', hasData: false }
20 verbose url raw uglify
21 verbose url resolving [ 'https://registry.npmjs.org/', './uglify' ]
22 verbose url resolved https://registry.npmjs.org/uglify
23 info trying registry request attempt 1 at 10:47:11
24 http GET https://registry.npmjs.org/uglify
25 http 404 https://registry.npmjs.org/uglify
26 silly registry.get cb [ 404,
26 silly registry.get   { date: 'Mon, 25 Aug 2014 08:48:27 GMT',
26 silly registry.get     server: 'CouchDB/1.5.0 (Erlang OTP/R16B03)',
26 silly registry.get     'content-type': 'application/json',
26 silly registry.get     'cache-control': 'max-age=0',
26 silly registry.get     'content-length': '52',
26 silly registry.get     'accept-ranges': 'bytes',
26 silly registry.get     via: '1.1 varnish',
26 silly registry.get     age: '0',
26 silly registry.get     'x-served-by': 'cache-lcy1130-LCY',
26 silly registry.get     'x-cache': 'MISS',
26 silly registry.get     'x-cache-hits': '0',
26 silly registry.get     'x-timer': 'S1408956506.862301,VS0,VE160',
26 silly registry.get     'keep-alive': 'timeout=10, max=50',
26 silly registry.get     connection: 'Keep-Alive' } ]
27 silly lockFile 67e93562-uglify uglify@
28 silly lockFile 67e93562-uglify uglify@
29 error 404 'uglify' is not in the npm registry.
29 error 404 You should bug the author to publish it
29 error 404
29 error 404 Note that you can also install from a
29 error 404 tarball, folder, or http url, or git url.
30 error System Linux 3.13.0-29-generic
31 error command "/usr/bin/nodejs" "/usr/bin/npm" "install" "uglify" "--save-dev"
32 error cwd /opt/devel/workspaces/others/programmer-at-work/articles/content/gulp/glob
33 error node -v v0.10.25
34 error npm -v 1.3.10
35 error code E404
36 verbose exit [ 1, true ]
